2022-07-29T16:24:50.457+0800	[34mINFO[0m	utils/github.go:140	ä»“åº“ä¸­æœªå‘ç°åšå®¢ï¼Œæ–°å¢: Cookieæ¦‚è§ˆ
2022-07-29T16:24:52.465+0800	[34mINFO[0m	utils/github.go:214	è½¬æ¢blogé”™è¯¯, æ ‡ç­¾é”™è¯¯
2022-07-29T16:24:52.976+0800	[34mINFO[0m	utils/github.go:140	ä»“åº“ä¸­æœªå‘ç°åšå®¢ï¼Œæ–°å¢: HTTPæ¦‚è§ˆ
2022-07-29T16:24:54.764+0800	[34mINFO[0m	utils/github.go:214	è½¬æ¢blogé”™è¯¯, æ ‡é¢˜æ ¼å¼é”™è¯¯
2022-07-29T16:24:55.262+0800	[34mINFO[0m	utils/github.go:140	ä»“åº“ä¸­æœªå‘ç°åšå®¢ï¼Œæ–°å¢: ä¸ºä»€ä¹ˆæŠŠæŸäº›å‚æ•°æ”¾åœ¨è¯·æ±‚å¤´ä¸­
2022-07-30T23:41:40.618+0800	[34mINFO[0m	utils/github.go:144	ä»“åº“ä¸­å·²å­˜åœ¨åšå®¢ï¼Œæ›´æ–°: github_Actionä½¿ç”¨å°è®¡
2022-07-30T23:41:42.468+0800	[34mINFO[0m	utils/github.go:161	æ›´æ–°æˆåŠŸï¼Œgithub_Actionä½¿ç”¨å°è®¡
2022-07-30T23:47:38.913+0800	[34mINFO[0m	utils/github.go:144	ä»“åº“ä¸­å·²å­˜åœ¨åšå®¢ï¼Œæ›´æ–°: github_Actionä½¿ç”¨å°è®¡
2022-07-30T23:47:40.863+0800	[34mINFO[0m	utils/github.go:161	æ›´æ–°æˆåŠŸï¼Œgithub_Actionä½¿ç”¨å°è®¡
2022-07-30T23:55:13.987+0800	[34mINFO[0m	utils/github.go:144	ä»“åº“ä¸­å·²å­˜åœ¨åšå®¢ï¼Œæ›´æ–°: github_Actionä½¿ç”¨å°è®¡
2022-07-30T23:55:15.931+0800	[34mINFO[0m	utils/github.go:161	æ›´æ–°æˆåŠŸï¼Œgithub_Actionä½¿ç”¨å°è®¡
2022-07-31T00:00:40.132+0800	[31mERROR[0m	utils/parse.go:102	read file failed open F:\notebook\github_actionä½¿ç”¨å°è®¡.md: The system cannot find the file specified.

2022-07-31T00:00:40.132+0800	[34mINFO[0m	utils/github.go:224	è½¬æ¢blogé”™è¯¯, æ ‡é¢˜æ ¼å¼é”™è¯¯
2022-07-31T00:01:43.007+0800	[34mINFO[0m	utils/github.go:144	ä»“åº“ä¸­å·²å­˜åœ¨åšå®¢ï¼Œæ›´æ–°: github_Actionä½¿ç”¨
2022-07-31T00:01:44.949+0800	[34mINFO[0m	utils/github.go:161	æ›´æ–°æˆåŠŸï¼Œgithub_Actionä½¿ç”¨
2022-07-31T23:41:38.469+0800	[34mINFO[0m	utils/github.go:140	ä»“åº“ä¸­æœªå‘ç°åšå®¢ï¼Œæ–°å¢: ç´¢å¼•çš„æœ¬è´¨
2022-07-31T23:48:16.898+0800	[34mINFO[0m	utils/github.go:144	ä»“åº“ä¸­å·²å­˜åœ¨åšå®¢ï¼Œæ›´æ–°: ç´¢å¼•çš„æœ¬è´¨
2022-07-31T23:48:18.607+0800	[34mINFO[0m	utils/github.go:161	æ›´æ–°æˆåŠŸï¼Œç´¢å¼•çš„æœ¬è´¨
2022-08-01T09:03:40.387+0800	[34mINFO[0m	utils/github.go:144	ä»“åº“ä¸­å·²å­˜åœ¨åšå®¢ï¼Œæ›´æ–°: ç´¢å¼•çš„æœ¬è´¨
2022-08-01T09:03:44.344+0800	[34mINFO[0m	utils/github.go:161	æ›´æ–°æˆåŠŸï¼Œç´¢å¼•çš„æœ¬è´¨
2022-08-01T16:38:26.627+0800	[31mERROR[0m	utils/github.go:204	è½¬æ¢blogé”™è¯¯,file: F:\notebook\().mdï¼Œ æ ‡é¢˜æ ¼å¼é”™è¯¯
2022-08-01T16:38:30.615+0800	[34mINFO[0m	utils/github.go:214	è½¬æ¢blogé”™è¯¯, æ—¥æœŸæ ¼å¼é”™è¯¯
2022-08-01T16:39:00.569+0800	[34mINFO[0m	utils/github.go:140	ä»“åº“ä¸­æœªå‘ç°åšå®¢ï¼Œæ–°å¢: Explainè¯¦è§£
2022-08-01T23:31:59.282+0800	[34mINFO[0m	utils/github.go:140	ä»“åº“ä¸­æœªå‘ç°åšå®¢ï¼Œæ–°å¢: MySQLå¤–é”®çº¦æŸ
2022-08-01T23:32:01.892+0800	[34mINFO[0m	utils/github.go:140	ä»“åº“ä¸­æœªå‘ç°åšå®¢ï¼Œæ–°å¢: MySQLéš”ç¦»çº§åˆ«
2022-08-01T23:32:04.383+0800	[34mINFO[0m	utils/github.go:140	ä»“åº“ä¸­æœªå‘ç°åšå®¢ï¼Œæ–°å¢: SQLä¼˜åŒ–
2022-08-01T23:32:07.223+0800	[34mINFO[0m	utils/github.go:140	ä»“åº“ä¸­æœªå‘ç°åšå®¢ï¼Œæ–°å¢: Ubuntu å®‰è£… mysql åŠé…ç½®è¿œç¨‹è®¿é—®
2022-08-01T23:32:09.836+0800	[34mINFO[0m	utils/github.go:140	ä»“åº“ä¸­æœªå‘ç°åšå®¢ï¼Œæ–°å¢: count(1)ä¸count(x)çš„åŒºåˆ«
2022-08-01T23:32:12.542+0800	[34mINFO[0m	utils/github.go:140	ä»“åº“ä¸­æœªå‘ç°åšå®¢ï¼Œæ–°å¢: mysqlä¸­çš„å­—ç¬¦é›†
2022-08-01T23:32:15.071+0800	[34mINFO[0m	utils/github.go:140	ä»“åº“ä¸­æœªå‘ç°åšå®¢ï¼Œæ–°å¢: mysqlä¸­çš„æŸ¥è¯¢ç¼“å­˜
2022-08-01T23:32:18.249+0800	[34mINFO[0m	utils/github.go:140	ä»“åº“ä¸­æœªå‘ç°åšå®¢ï¼Œæ–°å¢: åŸºå‡†æµ‹è¯•
2022-08-01T23:32:57.162+0800	[34mINFO[0m	utils/github.go:140	ä»“åº“ä¸­æœªå‘ç°åšå®¢ï¼Œæ–°å¢: åŸºå‡†æµ‹è¯•
2022-08-02T11:32:29.252+0800	[34mINFO[0m	utils/github.go:144	ä»“åº“ä¸­å·²å­˜åœ¨åšå®¢ï¼Œæ›´æ–°: MySQLå†…éƒ¨ç»“æ„
2022-08-02T11:32:31.270+0800	[34mINFO[0m	utils/github.go:161	æ›´æ–°æˆåŠŸï¼ŒMySQLå†…éƒ¨ç»“æ„
2022-08-03T09:00:57.461+0800	[34mINFO[0m	utils/github.go:144	ä»“åº“ä¸­å·²å­˜åœ¨åšå®¢ï¼Œæ›´æ–°: ç´¢å¼•çš„æœ¬è´¨
2022-08-03T09:00:59.597+0800	[31mERROR[0m	utils/github.go:157	æ›´æ–° issue å¤±è´¥, title: ç´¢å¼•çš„æœ¬è´¨, error: PATCH https://api.github.com/repos/dccmmtop/notebook/issues/46: 422 Validation Failed [{Resource:Label Field:name Code:invalid Message:}]
2022-08-03T09:01:24.214+0800	[34mINFO[0m	utils/github.go:144	ä»“åº“ä¸­å·²å­˜åœ¨åšå®¢ï¼Œæ›´æ–°: ç´¢å¼•çš„æœ¬è´¨
2022-08-03T09:01:26.956+0800	[34mINFO[0m	utils/github.go:161	æ›´æ–°æˆåŠŸï¼Œç´¢å¼•çš„æœ¬è´¨
2022-08-03T09:15:24.226+0800	[34mINFO[0m	utils/github.go:144	ä»“åº“ä¸­å·²å­˜åœ¨åšå®¢ï¼Œæ›´æ–°: ç´¢å¼•çš„æœ¬è´¨
2022-08-03T09:15:27.235+0800	[34mINFO[0m	utils/github.go:161	æ›´æ–°æˆåŠŸï¼Œç´¢å¼•çš„æœ¬è´¨
2022-08-03T09:35:52.719+0800	[34mINFO[0m	utils/github.go:144	ä»“åº“ä¸­å·²å­˜åœ¨åšå®¢ï¼Œæ›´æ–°: ç´¢å¼•çš„æœ¬è´¨
2022-08-03T09:35:55.474+0800	[34mINFO[0m	utils/github.go:161	æ›´æ–°æˆåŠŸï¼Œç´¢å¼•çš„æœ¬è´¨
2022-08-03T09:54:02.821+0800	[34mINFO[0m	utils/github.go:144	ä»“åº“ä¸­å·²å­˜åœ¨åšå®¢ï¼Œæ›´æ–°: ç´¢å¼•çš„æœ¬è´¨
2022-08-03T09:54:05.581+0800	[34mINFO[0m	utils/github.go:161	æ›´æ–°æˆåŠŸï¼Œç´¢å¼•çš„æœ¬è´¨
2022-08-03T10:29:04.966+0800	[34mINFO[0m	utils/github.go:144	ä»“åº“ä¸­å·²å­˜åœ¨åšå®¢ï¼Œæ›´æ–°: ç´¢å¼•çš„æœ¬è´¨
2022-08-03T10:29:07.833+0800	[34mINFO[0m	utils/github.go:161	æ›´æ–°æˆåŠŸï¼Œç´¢å¼•çš„æœ¬è´¨
2022-08-05T09:53:46.355+0800	[31mERROR[0m	utils/github.go:204	è½¬æ¢blogé”™è¯¯,file: F:\notebook\sql\MySQLäº‹åŠ¡.mdï¼Œ åšå®¢å†…å®¹ä¸èƒ½ä¸ºç©º
2022-08-05T09:53:46.359+0800	[34mINFO[0m	utils/github.go:214	è½¬æ¢blogé”™è¯¯, æ ‡é¢˜æ ¼å¼é”™è¯¯
2022-08-05T09:53:47.036+0800	[34mINFO[0m	utils/github.go:144	ä»“åº“ä¸­å·²å­˜åœ¨åšå®¢ï¼Œæ›´æ–°: MySQLå†…éƒ¨ç»“æ„
2022-08-05T09:53:49.278+0800	[34mINFO[0m	utils/github.go:161	æ›´æ–°æˆåŠŸï¼ŒMySQLå†…éƒ¨ç»“æ„
2022-08-05T09:53:49.767+0800	[34mINFO[0m	utils/github.go:140	ä»“åº“ä¸­æœªå‘ç°åšå®¢ï¼Œæ–°å¢: powershellé…ç½®
2022-08-05T09:53:52.543+0800	[34mINFO[0m	utils/github.go:140	ä»“åº“ä¸­æœªå‘ç°åšå®¢ï¼Œæ–°å¢: å³é”®æ³¨å†Œè‡ªå®šä¹‰ç¨‹åº
2022-08-05T09:53:54.838+0800	[34mINFO[0m	utils/github.go:140	ä»“åº“ä¸­æœªå‘ç°åšå®¢ï¼Œæ–°å¢: ç”¨rubyç¼–å†™vimè„šæœ¬
2022-08-05T09:53:56.930+0800	[31mERROR[0m	utils/parse.go:105	read file failed open F:\notebook\_v_recycle_bin\20200611\2018å¹´2æœˆä»½GitHubä¸Šæœ€çƒ­é—¨çš„Pythoné¡¹ç›®_æ·±åº¦å­¦ä¹ å åŠå£æ±Ÿå±±.md: The system cannot find the path specified.

2022-08-05T09:53:56.930+0800	[34mINFO[0m	utils/github.go:224	è½¬æ¢blogé”™è¯¯, æ ‡é¢˜æ ¼å¼é”™è¯¯
2022-08-05T09:53:56.931+0800	[31mERROR[0m	utils/parse.go:105	read file failed open F:\notebook\_v_recycle_bin\20200813\work\ç™»å½•é€»è¾‘æ¢³ç†.md: The system cannot find the path specified.

2022-08-05T09:53:56.931+0800	[34mINFO[0m	utils/github.go:224	è½¬æ¢blogé”™è¯¯, æ ‡é¢˜æ ¼å¼é”™è¯¯
2022-08-05T09:53:56.931+0800	[31mERROR[0m	utils/parse.go:105	read file failed open F:\notebook\_v_recycle_bin\20201207\s14.md: The system cannot find the path specified.

2022-08-05T09:53:56.931+0800	[34mINFO[0m	utils/github.go:224	è½¬æ¢blogé”™è¯¯, æ ‡é¢˜æ ¼å¼é”™è¯¯
2022-08-05T09:53:56.932+0800	[31mERROR[0m	utils/parse.go:105	read file failed open F:\notebook\_v_recycle_bin\20201207\s15.md: The system cannot find the path specified.

2022-08-05T09:53:56.932+0800	[34mINFO[0m	utils/github.go:224	è½¬æ¢blogé”™è¯¯, æ ‡é¢˜æ ¼å¼é”™è¯¯
2022-08-05T09:53:56.932+0800	[31mERROR[0m	utils/parse.go:105	read file failed open F:\notebook\_v_recycle_bin\20201207\æ”¶è—é€»è¾‘æ¢³ç†.md: The system cannot find the path specified.

2022-08-05T09:53:56.932+0800	[34mINFO[0m	utils/github.go:224	è½¬æ¢blogé”™è¯¯, æ ‡é¢˜æ ¼å¼é”™è¯¯
2022-08-05T09:53:56.932+0800	[31mERROR[0m	utils/parse.go:105	read file failed open F:\notebook\_v_recycle_bin\20201207\ç™»å½•é€»è¾‘.md: The system cannot find the path specified.

2022-08-05T09:53:56.932+0800	[34mINFO[0m	utils/github.go:224	è½¬æ¢blogé”™è¯¯, æ ‡é¢˜æ ¼å¼é”™è¯¯
2022-08-05T09:53:56.933+0800	[31mERROR[0m	utils/parse.go:105	read file failed open F:\notebook\_v_recycle_bin\20210130\_ideavimrc.md: The system cannot find the path specified.

2022-08-05T09:53:56.933+0800	[34mINFO[0m	utils/github.go:224	è½¬æ¢blogé”™è¯¯, æ ‡é¢˜æ ¼å¼é”™è¯¯
2022-08-05T09:53:56.933+0800	[31mERROR[0m	utils/parse.go:105	read file failed open F:\notebook\_v_recycle_bin\20210725\new_note.md: The system cannot find the path specified.

2022-08-05T09:53:56.933+0800	[34mINFO[0m	utils/github.go:224	è½¬æ¢blogé”™è¯¯, æ ‡é¢˜æ ¼å¼é”™è¯¯
2022-08-05T09:53:56.933+0800	[31mERROR[0m	utils/parse.go:105	read file failed open F:\notebook\_v_recycle_bin\20210725\new_note_001.md: The system cannot find the path specified.

2022-08-05T09:53:56.933+0800	[34mINFO[0m	utils/github.go:224	è½¬æ¢blogé”™è¯¯, æ ‡é¢˜æ ¼å¼é”™è¯¯
2022-08-05T09:53:56.934+0800	[31mERROR[0m	utils/parse.go:105	read file failed open F:\notebook\_v_recycle_bin\20210725\new_note_001_001.md: The system cannot find the path specified.

2022-08-05T09:53:56.934+0800	[34mINFO[0m	utils/github.go:224	è½¬æ¢blogé”™è¯¯, æ ‡é¢˜æ ¼å¼é”™è¯¯
2022-08-05T09:53:56.934+0800	[31mERROR[0m	utils/parse.go:105	read file failed open F:\notebook\_v_recycle_bin\20210812\ç”µå­ä¹¦åˆé›†-1.md: The system cannot find the path specified.

2022-08-05T09:53:56.935+0800	[34mINFO[0m	utils/github.go:224	è½¬æ¢blogé”™è¯¯, æ ‡é¢˜æ ¼å¼é”™è¯¯
2022-08-05T09:53:56.935+0800	[31mERROR[0m	utils/parse.go:105	read file failed open F:\notebook\_v_recycle_bin\20210812\ç”µå­ä¹¦åˆé›†-2.md: The system cannot find the path specified.

2022-08-05T09:53:56.935+0800	[34mINFO[0m	utils/github.go:224	è½¬æ¢blogé”™è¯¯, æ ‡é¢˜æ ¼å¼é”™è¯¯
2022-08-05T09:53:56.935+0800	[31mERROR[0m	utils/parse.go:105	read file failed open F:\notebook\_v_recycle_bin\20210812\ç”µå­ä¹¦åˆé›†-3.md: The system cannot find the path specified.

2022-08-05T09:53:56.935+0800	[34mINFO[0m	utils/github.go:224	è½¬æ¢blogé”™è¯¯, æ ‡é¢˜æ ¼å¼é”™è¯¯
2022-08-05T09:53:56.936+0800	[31mERROR[0m	utils/parse.go:105	read file failed open F:\notebook\_v_recycle_bin\20211021\ElasticSearchå®‰è£…åŠé…ç½®.md: The system cannot find the path specified.

2022-08-05T09:53:56.936+0800	[34mINFO[0m	utils/github.go:224	è½¬æ¢blogé”™è¯¯, æ ‡é¢˜æ ¼å¼é”™è¯¯
2022-08-05T09:53:56.936+0800	[31mERROR[0m	utils/parse.go:105	read file failed open F:\notebook\_v_recycle_bin\20211116\sqlxåº“çš„ä½¿ç”¨.md: The system cannot find the path specified.

2022-08-05T09:53:56.936+0800	[34mINFO[0m	utils/github.go:224	è½¬æ¢blogé”™è¯¯, æ ‡é¢˜æ ¼å¼é”™è¯¯
2022-08-05T09:53:56.936+0800	[31mERROR[0m	utils/parse.go:105	read file failed open F:\notebook\_v_recycle_bin\20211215\å”¯ä¸€æ ‡è¯†.md: The system cannot find the path specified.

2022-08-05T09:53:56.937+0800	[34mINFO[0m	utils/github.go:224	è½¬æ¢blogé”™è¯¯, æ ‡é¢˜æ ¼å¼é”™è¯¯
2022-08-05T09:53:56.937+0800	[31mERROR[0m	utils/parse.go:105	read file failed open F:\notebook\_v_recycle_bin\20211215\éœ€æ±‚.md: The system cannot find the path specified.

2022-08-05T09:53:56.937+0800	[34mINFO[0m	utils/github.go:224	è½¬æ¢blogé”™è¯¯, æ ‡é¢˜æ ¼å¼é”™è¯¯
2022-08-05T09:53:56.937+0800	[31mERROR[0m	utils/parse.go:105	read file failed open F:\notebook\_v_recycle_bin\20220406\MySQLè§†å›¾.md: The system cannot find the path specified.

2022-08-05T09:53:56.937+0800	[34mINFO[0m	utils/github.go:224	è½¬æ¢blogé”™è¯¯, æ ‡é¢˜æ ¼å¼é”™è¯¯
2022-08-05T09:53:56.937+0800	[31mERROR[0m	utils/parse.go:105	read file failed open F:\notebook\_v_recycle_bin\20220407\åŸºé‡‘1.md: The system cannot find the path specified.

2022-08-05T09:53:56.937+0800	[34mINFO[0m	utils/github.go:224	è½¬æ¢blogé”™è¯¯, æ ‡é¢˜æ ¼å¼é”™è¯¯
2022-08-05T09:53:56.938+0800	[31mERROR[0m	utils/parse.go:105	read file failed open F:\notebook\_v_recycle_bin\20220502\new_note.md: The system cannot find the path specified.

2022-08-05T09:53:56.938+0800	[34mINFO[0m	utils/github.go:224	è½¬æ¢blogé”™è¯¯, æ ‡é¢˜æ ¼å¼é”™è¯¯
2022-08-05T09:53:56.938+0800	[31mERROR[0m	utils/parse.go:105	read file failed open F:\notebook\_v_recycle_bin\20220508\new_note.md: The system cannot find the path specified.

2022-08-05T09:53:56.938+0800	[34mINFO[0m	utils/github.go:224	è½¬æ¢blogé”™è¯¯, æ ‡é¢˜æ ¼å¼é”™è¯¯
2022-08-05T09:53:56.938+0800	[31mERROR[0m	utils/parse.go:105	read file failed open F:\notebook\_v_recycle_bin\20220508\new_note_001.md: The system cannot find the path specified.

2022-08-05T09:53:56.938+0800	[34mINFO[0m	utils/github.go:224	è½¬æ¢blogé”™è¯¯, æ ‡é¢˜æ ¼å¼é”™è¯¯
2022-08-05T09:53:56.938+0800	[31mERROR[0m	utils/parse.go:105	read file failed open F:\notebook\_v_recycle_bin\20220710\å¨è‰º\çº¢çƒ§æ’éª¨.md: The system cannot find the path specified.

2022-08-05T09:53:56.939+0800	[34mINFO[0m	utils/github.go:224	è½¬æ¢blogé”™è¯¯, æ ‡é¢˜æ ¼å¼é”™è¯¯
2022-08-05T09:53:56.939+0800	[31mERROR[0m	utils/parse.go:105	read file failed open F:\notebook\_v_recycle_bin\20220710\å¨è‰º\è’¸ç±³é¥­.md: The system cannot find the path specified.

2022-08-05T09:53:56.939+0800	[34mINFO[0m	utils/github.go:224	è½¬æ¢blogé”™è¯¯, æ ‡é¢˜æ ¼å¼é”™è¯¯
2022-08-05T09:53:56.939+0800	[31mERROR[0m	utils/parse.go:105	read file failed open F:\notebook\var\folders\qm\chzcf3qj1vn5d3zlnd2652zc0000gn\T\abnerworks.Typora\image-20200716151737673.png.md: The system cannot find the path specified.

2022-08-05T09:53:56.940+0800	[34mINFO[0m	utils/github.go:224	è½¬æ¢blogé”™è¯¯, æ ‡é¢˜æ ¼å¼é”™è¯¯
2022-08-06T16:12:35.975+0800	[34mINFO[0m	utils/github.go:144	ä»“åº“ä¸­å·²å­˜åœ¨åšå®¢ï¼Œæ›´æ–°: ç´¢å¼•ä¼˜åŒ–
2022-08-06T16:12:39.028+0800	[34mINFO[0m	utils/github.go:161	æ›´æ–°æˆåŠŸï¼Œç´¢å¼•ä¼˜åŒ–
2022-08-06T18:26:06.258+0800	[31mERROR[0m	utils/parse.go:105	read file failed open F:\notebook\sql\MySQLäº‹åŠ¡.md: The system cannot find the file specified.

2022-08-06T18:26:06.258+0800	[34mINFO[0m	utils/github.go:224	è½¬æ¢blogé”™è¯¯, æ ‡é¢˜æ ¼å¼é”™è¯¯
2022-08-07T18:36:04.989+0800	[34mINFO[0m	utils/github.go:144	ä»“åº“ä¸­å·²å­˜åœ¨åšå®¢ï¼Œæ›´æ–°: MVCCå®ç°åŸç†
2022-08-07T18:36:07.237+0800	[34mINFO[0m	utils/github.go:161	æ›´æ–°æˆåŠŸï¼ŒMVCCå®ç°åŸç†
2022-08-07T20:57:16.997+0800	[34mINFO[0m	utils/github.go:214	è½¬æ¢blogé”™è¯¯, æ ‡é¢˜æ ¼å¼é”™è¯¯
2022-08-07T20:57:16.999+0800	[34mINFO[0m	utils/github.go:214	è½¬æ¢blogé”™è¯¯, æ ‡é¢˜æ ¼å¼é”™è¯¯
2022-08-07T20:57:17.000+0800	[34mINFO[0m	utils/github.go:214	è½¬æ¢blogé”™è¯¯, æ ‡é¢˜æ ¼å¼é”™è¯¯
2022-08-14T19:39:49.463+0800	[34mINFO[0m	utils/github.go:140	ä»“åº“ä¸­æœªå‘ç°åšå®¢ï¼Œæ–°å¢: MySQLä¸­çš„BufferPoolä¸RedoLogçš„ä½œç”¨
2022-08-14T19:43:01.034+0800	[34mINFO[0m	utils/github.go:144	ä»“åº“ä¸­å·²å­˜åœ¨åšå®¢ï¼Œæ›´æ–°: javaä¸­çš„ç±»åŠ è½½å™¨å’ŒåŒäº²å§”æ´¾æœºåˆ¶
2022-08-14T19:43:03.484+0800	[34mINFO[0m	utils/github.go:161	æ›´æ–°æˆåŠŸï¼Œjavaä¸­çš„ç±»åŠ è½½å™¨å’ŒåŒäº²å§”æ´¾æœºåˆ¶
2022-08-17T09:44:57.202+0800	[34mINFO[0m	utils/github.go:144	ä»“åº“ä¸­å·²å­˜åœ¨åšå®¢ï¼Œæ›´æ–°: javaä¸­çš„ç±»åŠ è½½å™¨å’ŒåŒäº²å§”æ´¾æœºåˆ¶
2022-08-17T09:44:59.189+0800	[34mINFO[0m	utils/github.go:161	æ›´æ–°æˆåŠŸï¼Œjavaä¸­çš„ç±»åŠ è½½å™¨å’ŒåŒäº²å§”æ´¾æœºåˆ¶
2022-08-18T11:38:20.591+0800	[34mINFO[0m	utils/github.go:145	ä»“åº“ä¸­å·²å­˜åœ¨åšå®¢ï¼Œæ›´æ–°: javaä¸­çš„ç±»åŠ è½½å™¨å’ŒåŒäº²å§”æ´¾æœºåˆ¶
2022-08-18T11:38:22.571+0800	[34mINFO[0m	utils/github.go:162	æ›´æ–°æˆåŠŸï¼Œjavaä¸­çš„ç±»åŠ è½½å™¨å’ŒåŒäº²å§”æ´¾æœºåˆ¶
2022-08-19T18:20:51.474+0800	[34mINFO[0m	utils/github.go:145	ä»“åº“ä¸­å·²å­˜åœ¨åšå®¢ï¼Œæ›´æ–°: javaä¸­çš„ç±»åŠ è½½å™¨å’ŒåŒäº²å§”æ´¾æœºåˆ¶
2022-08-19T18:20:54.338+0800	[34mINFO[0m	utils/github.go:162	æ›´æ–°æˆåŠŸï¼Œjavaä¸­çš„ç±»åŠ è½½å™¨å’ŒåŒäº²å§”æ´¾æœºåˆ¶
2022-08-23T17:23:45.276+0800	[34mINFO[0m	utils/github.go:141	ä»“åº“ä¸­æœªå‘ç°åšå®¢ï¼Œæ–°å¢: jvmå†…å­˜æ¨¡å‹
2022-08-28T18:41:22.918+0800	[34mINFO[0m	utils/github.go:143	ä»“åº“ä¸­å·²å­˜åœ¨åšå®¢ï¼Œæ›´æ–°: jvmä¸­å¯¹è±¡çš„åˆ›å»ºè¿‡ç¨‹
2022-08-28T18:41:24.787+0800	[34mINFO[0m	utils/github.go:159	æ›´æ–°æˆåŠŸï¼Œjvmä¸­å¯¹è±¡çš„åˆ›å»ºè¿‡ç¨‹
2022-08-30T18:51:01.808+0800	[31mERROR[0m	parse/base_convert.go:60	read file failed open F:\notebook\java\jvmå†…å­˜åˆ†é….md: The system cannot find the file specified.

2022-08-30T18:51:02.453+0800	[31mERROR[0m	utils/github.go:101	æœªèƒ½æ‰¾åˆ° issue, title: 
2022-08-30T18:52:08.423+0800	[34mINFO[0m	utils/github.go:143	ä»“åº“ä¸­å·²å­˜åœ¨åšå®¢ï¼Œæ›´æ–°: jvmå¯¹è±¡çš„å†…å­˜åˆ†é…ä¸å›æ”¶
2022-08-30T18:52:10.512+0800	[34mINFO[0m	utils/github.go:159	æ›´æ–°æˆåŠŸï¼Œjvmå¯¹è±¡çš„å†…å­˜åˆ†é…ä¸å›æ”¶
2022-09-03T09:36:08.122+0800	[34mINFO[0m	utils/github.go:143	ä»“åº“ä¸­å·²å­˜åœ¨åšå®¢ï¼Œæ›´æ–°: CMSåƒåœ¾å›æ”¶å™¨ä¸ä¸‰è‰²æ ‡è®°ç®—æ³•
2022-09-03T09:36:10.267+0800	[34mINFO[0m	utils/github.go:159	æ›´æ–°æˆåŠŸï¼ŒCMSåƒåœ¾å›æ”¶å™¨ä¸ä¸‰è‰²æ ‡è®°ç®—æ³•
2022-09-09T18:18:40.121+0800	[34mINFO[0m	utils/github.go:143	ä»“åº“ä¸­å·²å­˜åœ¨åšå®¢ï¼Œæ›´æ–°: ç´¢å¼•ä¼˜åŒ–
2022-09-09T18:18:43.690+0800	[34mINFO[0m	utils/github.go:159	æ›´æ–°æˆåŠŸï¼Œç´¢å¼•ä¼˜åŒ–
2022-09-11T18:43:07.877+0800	[34mINFO[0m	utils/github.go:143	ä»“åº“ä¸­å·²å­˜åœ¨åšå®¢ï¼Œæ›´æ–°: G1åƒåœ¾æ”¶é›†å™¨
2022-09-11T18:43:09.832+0800	[34mINFO[0m	utils/github.go:159	æ›´æ–°æˆåŠŸï¼ŒG1åƒåœ¾æ”¶é›†å™¨
2022-09-11T19:15:03.082+0800	[34mINFO[0m	utils/github.go:143	ä»“åº“ä¸­å·²å­˜åœ¨åšå®¢ï¼Œæ›´æ–°: G1åƒåœ¾æ”¶é›†å™¨
2022-09-11T19:15:05.023+0800	[34mINFO[0m	utils/github.go:159	æ›´æ–°æˆåŠŸï¼ŒG1åƒåœ¾æ”¶é›†å™¨
2022-09-12T19:25:30.585+0800	[34mINFO[0m	utils/github.go:143	ä»“åº“ä¸­å·²å­˜åœ¨åšå®¢ï¼Œæ›´æ–°: JVMè°ƒä¼˜å·¥å…·
2022-09-12T19:25:32.720+0800	[34mINFO[0m	utils/github.go:159	æ›´æ–°æˆåŠŸï¼ŒJVMè°ƒä¼˜å·¥å…·
2022-09-17T09:41:18.561+0800	[34mINFO[0m	utils/github.go:143	ä»“åº“ä¸­å·²å­˜åœ¨åšå®¢ï¼Œæ›´æ–°: å¹¶å‘ç¼–ç¨‹ä¸­çš„å¯è§æ€§,åŸå­æ€§ï¼Œæœ‰åºæ€§é—®é¢˜
2022-09-17T09:41:21.220+0800	[34mINFO[0m	utils/github.go:159	æ›´æ–°æˆåŠŸï¼Œå¹¶å‘ç¼–ç¨‹ä¸­çš„å¯è§æ€§,åŸå­æ€§ï¼Œæœ‰åºæ€§é—®é¢˜
2022-09-17T09:43:36.709+0800	[34mINFO[0m	sms/sm_parse.go:34	å¼€å§‹è½¬æ¢åšå®¢: F:\notebook\java\å¹¶å‘ç¼–ç¨‹ä¸­çš„å¯è§æ€§,åŸå­æ€§ï¼Œæœ‰åºæ€§é—®é¢˜.md
2022-09-17T09:43:38.767+0800	[31mERROR[0m	sms/sm_parse.go:77	è¯·æ±‚é”™è¯¯ Post "https://sm.ms/api/v2/upload": proxyconnect tcp: dial tcp 127.0.0.1:7890: connectex: No connection could be made because the target machine actively refused it.
2022-09-17T09:43:38.767+0800	[31mERROR[0m	sms/sm_parse.go:83	æ ¼å¼åŒ–è¿”å›ä½“é”™è¯¯,err: unexpected end of JSON input
2022-09-17T09:43:38.767+0800	[31mERROR[0m	sms/sm_parse.go:64	ä¸Šä¼ å›¾ç‰‡é”™è¯¯, err: unexpected end of JSON input
2022-09-17T09:43:38.768+0800	[34mINFO[0m	cmd/parse.go:51	æ–‡ä»¶å†™å…¥æˆåŠŸ, file: 1.md
2022-09-17T09:44:00.680+0800	[34mINFO[0m	sms/sm_parse.go:34	å¼€å§‹è½¬æ¢åšå®¢: F:\notebook\java\å¹¶å‘ç¼–ç¨‹ä¸­çš„å¯è§æ€§,åŸå­æ€§ï¼Œæœ‰åºæ€§é—®é¢˜.md
2022-09-17T09:44:02.150+0800	[31mERROR[0m	sms/sm_parse.go:77	è¯·æ±‚é”™è¯¯ Post "https://sm.ms/api/v2/upload": EOF
2022-09-17T09:44:02.151+0800	[31mERROR[0m	sms/sm_parse.go:83	æ ¼å¼åŒ–è¿”å›ä½“é”™è¯¯,err: unexpected end of JSON input
2022-09-17T09:44:02.151+0800	[31mERROR[0m	sms/sm_parse.go:64	ä¸Šä¼ å›¾ç‰‡é”™è¯¯, err: unexpected end of JSON input
2022-09-17T09:44:02.151+0800	[34mINFO[0m	cmd/parse.go:51	æ–‡ä»¶å†™å…¥æˆåŠŸ, file: 1.md
2022-09-17T09:44:10.986+0800	[34mINFO[0m	sms/sm_parse.go:34	å¼€å§‹è½¬æ¢åšå®¢: F:\notebook\java\å¹¶å‘ç¼–ç¨‹ä¸­çš„å¯è§æ€§,åŸå­æ€§ï¼Œæœ‰åºæ€§é—®é¢˜.md
2022-09-17T09:44:13.288+0800	[34mINFO[0m	sms/sm_parse.go:67	å¤„ç†å›¾ç‰‡: images/Pasted image 20220915082649.png --> https://s2.loli.net/2022/09/17/GCSYnBzg5pEADLV.png
2022-09-17T09:44:15.008+0800	[34mINFO[0m	sms/sm_parse.go:67	å¤„ç†å›¾ç‰‡: images/Pasted image 20220915083920.png --> https://s2.loli.net/2022/09/17/gciYfHtjMeXKkQW.png
2022-09-17T09:44:15.978+0800	[34mINFO[0m	sms/sm_parse.go:67	å¤„ç†å›¾ç‰‡: images/Pasted image 20220915090631.png --> https://s2.loli.net/2022/09/17/T9IPGem4QR8rA3n.png
2022-09-17T09:44:17.086+0800	[34mINFO[0m	sms/sm_parse.go:67	å¤„ç†å›¾ç‰‡: images/Pasted image 20220915091211.png --> https://s2.loli.net/2022/09/17/kvud7fQOoTW3F2e.png
2022-09-17T09:44:18.190+0800	[34mINFO[0m	sms/sm_parse.go:67	å¤„ç†å›¾ç‰‡: images/Pasted image 20220915095555.png --> https://s2.loli.net/2022/09/17/cyIbOTuxZE615zj.png
2022-09-17T09:44:19.334+0800	[34mINFO[0m	sms/sm_parse.go:67	å¤„ç†å›¾ç‰‡: images/Pasted image 20220916084801.png --> https://s2.loli.net/2022/09/17/iqDWQGMvrhV35tm.png
2022-09-17T09:44:20.474+0800	[34mINFO[0m	sms/sm_parse.go:67	å¤„ç†å›¾ç‰‡: images/Pasted image 20220916084827.png --> https://s2.loli.net/2022/09/17/fldOZPkpmB2v3xc.png
2022-09-17T09:44:21.592+0800	[34mINFO[0m	sms/sm_parse.go:67	å¤„ç†å›¾ç‰‡: images/Pasted image 20220916084855.png --> https://s2.loli.net/2022/09/17/jDr2EkgRob5QGI8.png
2022-09-17T09:44:22.741+0800	[34mINFO[0m	sms/sm_parse.go:67	å¤„ç†å›¾ç‰‡: images/Pasted image 20220916084927.png --> https://s2.loli.net/2022/09/17/5AKSaGWvezbJwxX.png
2022-09-17T09:44:23.978+0800	[34mINFO[0m	sms/sm_parse.go:67	å¤„ç†å›¾ç‰‡: images/Pasted image 20220916184429.png --> https://s2.loli.net/2022/09/17/H7RP1QWlVYxbc83.png
2022-09-17T09:44:23.979+0800	[34mINFO[0m	sms/sm_parse.go:70	å¤„ç†å®Œæˆ
2022-09-17T09:44:23.980+0800	[34mINFO[0m	cmd/parse.go:51	æ–‡ä»¶å†™å…¥æˆåŠŸ, file: 1.md
2022-09-17T10:30:03.911+0800	[31mERROR[0m	parse/base_convert.go:60	read file failed open F:\notebook\java\_v_images\javaå¸¸é‡æ± .md: The system cannot find the file specified.

2022-09-17T10:30:04.418+0800	[31mERROR[0m	utils/github.go:101	æœªèƒ½æ‰¾åˆ° issue, title: 
2022-09-17T10:30:29.286+0800	[34mINFO[0m	sms/sm_parse.go:34	å¼€å§‹è½¬æ¢åšå®¢: F:\notebook\java\GCæ—¥å¿—è¯¦è§£.md
2022-09-17T10:30:29.394+0800	[31mERROR[0m	sms/sm_parse.go:77	è¯·æ±‚é”™è¯¯ Post "https://sm.ms/api/v2/upload": read tcp 127.0.0.1:1143->127.0.0.1:7890: wsarecv: An existing connection was forcibly closed by the remote host.
2022-09-17T10:30:29.394+0800	[31mERROR[0m	sms/sm_parse.go:83	æ ¼å¼åŒ–è¿”å›ä½“é”™è¯¯,err: unexpected end of JSON input
2022-09-17T10:30:29.394+0800	[31mERROR[0m	sms/sm_parse.go:64	ä¸Šä¼ å›¾ç‰‡é”™è¯¯, err: unexpected end of JSON input
2022-09-17T10:30:29.395+0800	[34mINFO[0m	cmd/parse.go:51	æ–‡ä»¶å†™å…¥æˆåŠŸ, file: 1.md
2022-09-17T10:30:36.517+0800	[34mINFO[0m	sms/sm_parse.go:34	å¼€å§‹è½¬æ¢åšå®¢: F:\notebook\java\GCæ—¥å¿—è¯¦è§£.md
2022-09-17T10:30:39.139+0800	[34mINFO[0m	sms/sm_parse.go:67	å¤„ç†å›¾ç‰‡: images/Pasted image 20220917100539.png --> https://s2.loli.net/2022/09/17/pyoeaRqxM3fz76s.png
2022-09-17T10:30:39.139+0800	[34mINFO[0m	sms/sm_parse.go:70	å¤„ç†å®Œæˆ
2022-09-17T10:30:39.139+0800	[34mINFO[0m	cmd/parse.go:51	æ–‡ä»¶å†™å…¥æˆåŠŸ, file: 1.md
2022-09-18T09:47:28.301+0800	[34mINFO[0m	utils/github.go:143	ä»“åº“ä¸­å·²å­˜åœ¨åšå®¢ï¼Œæ›´æ–°: javaå¸¸é‡æ± 
2022-09-18T09:47:30.554+0800	[34mINFO[0m	utils/github.go:159	æ›´æ–°æˆåŠŸï¼Œjavaå¸¸é‡æ± 
2022-09-18T10:17:51.460+0800	[34mINFO[0m	sms/sm_parse.go:34	å¼€å§‹è½¬æ¢åšå®¢: F:\notebook\java\javaå¸¸é‡æ± .md
2022-09-18T10:17:54.267+0800	[34mINFO[0m	sms/sm_parse.go:67	å¤„ç†å›¾ç‰‡: images/Pasted image 20220917111234.png --> https://s2.loli.net/2022/09/18/d5I4cMJwemb1Cx6.png
2022-09-18T10:17:55.509+0800	[34mINFO[0m	sms/sm_parse.go:67	å¤„ç†å›¾ç‰‡: images/Pasted image 20220917115755.png --> https://s2.loli.net/2022/09/18/rIknpVPHQXJ13qv.png
2022-09-18T10:17:55.510+0800	[34mINFO[0m	sms/sm_parse.go:70	å¤„ç†å®Œæˆ
2022-09-18T10:17:55.510+0800	[34mINFO[0m	cmd/parse.go:51	æ–‡ä»¶å†™å…¥æˆåŠŸ, file: 1.md
2022-09-19T17:43:52.679+0800	[34mINFO[0m	utils/github.go:143	ä»“åº“ä¸­å·²å­˜åœ¨åšå®¢ï¼Œæ›´æ–°: javaå¸¸é‡æ± 
2022-09-19T17:43:54.656+0800	[34mINFO[0m	utils/github.go:159	æ›´æ–°æˆåŠŸï¼Œjavaå¸¸é‡æ± 
