2022-08-18T14:47:02.429+0800	[34mINFO[0m	parse/sm_parse.go:28	å¼€å§‹è½¬æ¢åšå®¢: F:\notebook\sql\ç´¢å¼•çš„æœ¬è´¨.md
2022-08-18T14:47:02.880+0800	[31mERROR[0m	parse/sm_parse.go:67	è¯·æ±‚é”™è¯¯ Post "https://sm.ms/api/v2/upload": read tcp 192.168.42.221:5699->104.21.83.45:443: wsarecv: An existing connection was forcibly closed by the remote host.
2022-08-18T14:47:02.880+0800	[31mERROR[0m	parse/sm_parse.go:73	æ ¼å¼åŒ–è¿”å›ä½“é”™è¯¯,err: unexpected end of JSON input
2022-08-18T14:47:02.880+0800	[31mERROR[0m	parse/sm_parse.go:54	ä¸Šä¼ å›¾ç‰‡é”™è¯¯, err: unexpected end of JSON input
2022-08-18T14:47:02.881+0800	[34mINFO[0m	cmd/parse.go:49	æ–‡ä»¶å†™å…¥æˆåŠŸ, file: 1.md
2022-08-18T14:47:20.556+0800	[34mINFO[0m	parse/sm_parse.go:28	å¼€å§‹è½¬æ¢åšå®¢: F:\notebook\sql\ç´¢å¼•çš„æœ¬è´¨.md
2022-08-18T14:47:35.809+0800	[31mERROR[0m	parse/sm_parse.go:67	è¯·æ±‚é”™è¯¯ Post "https://sm.ms/api/v2/upload": read tcp 192.168.42.221:5711->172.67.213.1:443: wsarecv: An existing connection was forcibly closed by the remote host.
2022-08-18T14:47:35.809+0800	[31mERROR[0m	parse/sm_parse.go:73	æ ¼å¼åŒ–è¿”å›ä½“é”™è¯¯,err: unexpected end of JSON input
2022-08-18T14:47:35.810+0800	[31mERROR[0m	parse/sm_parse.go:54	ä¸Šä¼ å›¾ç‰‡é”™è¯¯, err: unexpected end of JSON input
2022-08-18T14:47:35.810+0800	[34mINFO[0m	cmd/parse.go:49	æ–‡ä»¶å†™å…¥æˆåŠŸ, file: 1.md
2022-08-18T14:47:55.479+0800	[34mINFO[0m	parse/sm_parse.go:28	å¼€å§‹è½¬æ¢åšå®¢: F:\notebook\sql\ç´¢å¼•çš„æœ¬è´¨.md
2022-08-18T14:48:21.328+0800	[34mINFO[0m	parse/sm_parse.go:28	å¼€å§‹è½¬æ¢åšå®¢: F:\notebook\sql\ç´¢å¼•çš„æœ¬è´¨.md
2022-08-18T14:48:42.801+0800	[34mINFO[0m	parse/sm_parse.go:28	å¼€å§‹è½¬æ¢åšå®¢: F:\notebook\sql\ç´¢å¼•çš„æœ¬è´¨.md
2022-08-18T14:48:43.525+0800	[31mERROR[0m	parse/sm_parse.go:67	è¯·æ±‚é”™è¯¯ Post "https://sm.ms/api/v2/upload": read tcp 192.168.42.221:8585->104.21.83.45:443: wsarecv: An existing connection was forcibly closed by the remote host.
2022-08-18T14:48:43.525+0800	[31mERROR[0m	parse/sm_parse.go:73	æ ¼å¼åŒ–è¿”å›ä½“é”™è¯¯,err: unexpected end of JSON input
2022-08-18T14:48:43.525+0800	[31mERROR[0m	parse/sm_parse.go:54	ä¸Šä¼ å›¾ç‰‡é”™è¯¯, err: unexpected end of JSON input
2022-08-18T14:48:43.526+0800	[34mINFO[0m	cmd/parse.go:49	æ–‡ä»¶å†™å…¥æˆåŠŸ, file: 1.md
2022-08-18T14:48:45.611+0800	[34mINFO[0m	parse/sm_parse.go:28	å¼€å§‹è½¬æ¢åšå®¢: F:\notebook\sql\ç´¢å¼•çš„æœ¬è´¨.md
2022-08-18T14:48:53.490+0800	[34mINFO[0m	parse/sm_parse.go:57	å¤„ç†å›¾ç‰‡: images/Pasted image 20220731182559.png --> 
2022-08-18T14:49:03.774+0800	[34mINFO[0m	parse/sm_parse.go:57	å¤„ç†å›¾ç‰‡: images/Pasted image 20220731183304.png --> 
2022-08-18T14:49:06.649+0800	[34mINFO[0m	parse/sm_parse.go:57	å¤„ç†å›¾ç‰‡: images/Pasted image 20220731205629.png --> 
2022-08-18T14:49:08.855+0800	[34mINFO[0m	parse/sm_parse.go:57	å¤„ç†å›¾ç‰‡: images/Pasted image 20220731210721.png --> 
2022-08-18T14:49:11.897+0800	[34mINFO[0m	parse/sm_parse.go:57	å¤„ç†å›¾ç‰‡: images/Pasted image 20220731210950.png --> 
2022-08-18T14:49:13.894+0800	[34mINFO[0m	parse/sm_parse.go:57	å¤„ç†å›¾ç‰‡: images/Pasted image 20220731214612.png --> 
2022-08-18T14:49:23.526+0800	[34mINFO[0m	parse/sm_parse.go:57	å¤„ç†å›¾ç‰‡: images/20220720223538659_2601.png --> 
2022-08-18T14:49:33.935+0800	[34mINFO[0m	parse/sm_parse.go:57	å¤„ç†å›¾ç‰‡: images/20220720224051883_12060 2.png --> 
2022-08-18T14:49:39.317+0800	[34mINFO[0m	parse/sm_parse.go:57	å¤„ç†å›¾ç‰‡: images/20220721232641610_2470.png --> 
2022-08-18T14:49:44.454+0800	[34mINFO[0m	parse/sm_parse.go:57	å¤„ç†å›¾ç‰‡: images/Pasted image 20220731232017.png --> 
2022-08-18T14:49:44.455+0800	[34mINFO[0m	parse/sm_parse.go:60	å¤„ç†å®Œæˆ
2022-08-18T14:49:44.456+0800	[34mINFO[0m	cmd/parse.go:49	æ–‡ä»¶å†™å…¥æˆåŠŸ, file: 1.md
2022-08-18T14:49:46.327+0800	[34mINFO[0m	parse/sm_parse.go:28	å¼€å§‹è½¬æ¢åšå®¢: F:\notebook\sql\ç´¢å¼•çš„æœ¬è´¨.md
2022-08-18T14:49:46.689+0800	[31mERROR[0m	parse/sm_parse.go:67	è¯·æ±‚é”™è¯¯ Post "https://sm.ms/api/v2/upload": read tcp [2408:8421:b040:947e:7544:85e6:a99f:e322]:8629->[2606:4700:3037::6815:532d]:443: wsarecv: An existing connection was forcibly closed by the remote host.
2022-08-18T14:49:46.690+0800	[31mERROR[0m	parse/sm_parse.go:73	æ ¼å¼åŒ–è¿”å›ä½“é”™è¯¯,err: unexpected end of JSON input
2022-08-18T14:49:46.690+0800	[31mERROR[0m	parse/sm_parse.go:54	ä¸Šä¼ å›¾ç‰‡é”™è¯¯, err: unexpected end of JSON input
2022-08-18T14:49:46.690+0800	[34mINFO[0m	cmd/parse.go:49	æ–‡ä»¶å†™å…¥æˆåŠŸ, file: 1.md
2022-08-18T14:49:49.162+0800	[34mINFO[0m	parse/sm_parse.go:28	å¼€å§‹è½¬æ¢åšå®¢: F:\notebook\sql\ç´¢å¼•çš„æœ¬è´¨.md
2022-08-18T14:49:51.925+0800	[34mINFO[0m	parse/sm_parse.go:57	å¤„ç†å›¾ç‰‡: images/Pasted image 20220731182559.png --> https://s2.loli.net/2022/08/18/SLxvtVQzYKEU856.png
2022-08-18T14:49:53.448+0800	[34mINFO[0m	parse/sm_parse.go:57	å¤„ç†å›¾ç‰‡: images/Pasted image 20220731183304.png --> https://s2.loli.net/2022/08/18/SUt6QlWNBaw4Pih.png
2022-08-18T14:49:54.517+0800	[34mINFO[0m	parse/sm_parse.go:57	å¤„ç†å›¾ç‰‡: images/Pasted image 20220731205629.png --> https://s2.loli.net/2022/08/18/CtGDNlVmRH1UoFQ.png
2022-08-18T14:49:55.760+0800	[34mINFO[0m	parse/sm_parse.go:57	å¤„ç†å›¾ç‰‡: images/Pasted image 20220731210721.png --> https://s2.loli.net/2022/08/18/rlzE2aCjoyLusY8.png
2022-08-18T14:49:57.477+0800	[34mINFO[0m	parse/sm_parse.go:57	å¤„ç†å›¾ç‰‡: images/Pasted image 20220731210950.png --> https://s2.loli.net/2022/08/18/u5rPpBlbHixL48g.png
2022-08-18T14:49:58.146+0800	[34mINFO[0m	parse/sm_parse.go:57	å¤„ç†å›¾ç‰‡: images/Pasted image 20220731214612.png --> https://s2.loli.net/2022/08/18/xKo95daeEPtvXCf.png
2022-08-18T14:50:01.681+0800	[34mINFO[0m	parse/sm_parse.go:57	å¤„ç†å›¾ç‰‡: images/20220720223538659_2601.png --> https://s2.loli.net/2022/08/18/v76a39sdxzguyf2.png
2022-08-18T14:50:07.690+0800	[34mINFO[0m	parse/sm_parse.go:57	å¤„ç†å›¾ç‰‡: images/20220720224051883_12060 2.png --> https://s2.loli.net/2022/08/18/3NqTWSnha1GwuoR.png
2022-08-18T14:50:12.529+0800	[34mINFO[0m	parse/sm_parse.go:57	å¤„ç†å›¾ç‰‡: images/20220721232641610_2470.png --> https://s2.loli.net/2022/08/18/TLDutvkKOesNf8V.png
2022-08-18T14:50:16.548+0800	[34mINFO[0m	parse/sm_parse.go:57	å¤„ç†å›¾ç‰‡: images/Pasted image 20220731232017.png --> https://s2.loli.net/2022/08/18/fdAjsQYgurBpDk6.png
2022-08-18T14:50:16.549+0800	[34mINFO[0m	parse/sm_parse.go:60	å¤„ç†å®Œæˆ
2022-08-18T14:50:16.550+0800	[34mINFO[0m	cmd/parse.go:49	æ–‡ä»¶å†™å…¥æˆåŠŸ, file: 1.md
